# JRE version: OpenJDK Runtime Environment Temurin-23.0.1+11 (23.0.1+11) (build 23.0.1+11)
# Java VM: OpenJDK 64-Bit Server VM Temurin-23.0.1+11 (23.0.1+11, mixed mode, emulated-client, sharing, tiered, compressed oops, compressed class ptrs, g1 gc, windows-amd64)
GC Precious Log:
 CardTable entry size: 512
 Card Set container configuration: InlinePtr #cards 5 size 8 Array Of Cards #cards 10 size 36 Howl #buckets 4 coarsen threshold 1843 Howl Bitmap #cards 512 size 80 coarsen threshold 460 Card regions per heap region 1 cards per card region 2048
 CPUs: 8 total, 8 available
 Memory: 8070M
 Large Page Support: Disabled
 NUMA Support: Disabled
 Compressed Oops: Enabled (32-bit)
 Heap Region Size: 1M
 Heap Min Capacity: 8M
 Heap Initial Capacity: 128M
 Heap Max Capacity: 2018M
 Pre-touch: Disabled
 Parallel Workers: 8
 Concurrent Workers: 2
 Concurrent Refinement Workers: 8
 Periodic GC: Disabled
Heap:
 garbage-first heap   total reserved 2066432K, committed 106496K, used 59961K [0x0000000081e00000, 0x0000000100000000)
  region size 1024K, 28 young (28672K), 5 survivors (5120K)
 Metaspace       used 73444K, committed 74496K, reserved 1114112K
  class space    used 10487K, committed 11008K, reserved 1048576K
GC Heap History (20 events):
Event: 254.576 GC heap before
{Heap before GC invocations=33 (full 1):
 garbage-first heap   total reserved 2066432K, committed 95232K, used 83104K [0x0000000081e00000, 0x0000000100000000)
  region size 1024K, 48 young (49152K), 3 survivors (3072K)
 Metaspace       used 73477K, committed 74368K, reserved 1114112K
  class space    used 10567K, committed 11008K, reserved 1048576K
}
Event: 254.580 GC heap after
{Heap after GC invocations=34 (full 1):
 garbage-first heap   total reserved 2066432K, committed 95232K, used 38941K [0x0000000081e00000, 0x0000000100000000)
  region size 1024K, 5 young (5120K), 5 survivors (5120K)
 Metaspace       used 73477K, committed 74368K, reserved 1114112K
  class space    used 10567K, committed 11008K, reserved 1048576K
}
Event: 494.761 GC heap before
{Heap before GC invocations=34 (full 1):
 garbage-first heap   total reserved 2066432K, committed 95232K, used 53277K [0x0000000081e00000, 0x0000000100000000)
  region size 1024K, 21 young (21504K), 5 survivors (5120K)
 Metaspace       used 73485K, committed 74432K, reserved 1114112K
  class space    used 10569K, committed 11008K, reserved 1048576K
}
Event: 494.812 GC heap after
{Heap after GC invocations=35 (full 2):
 garbage-first heap   total reserved 2066432K, committed 95232K, used 29836K [0x0000000081e00000, 0x0000000100000000)
  region size 1024K, 0 young (0K), 0 survivors (0K)
 Metaspace       used 73039K, committed 74432K, reserved 1114112K
  class space    used 10444K, committed 11008K, reserved 1048576K
}
Event: 497.649 GC heap before
{Heap before GC invocations=35 (full 2):
 garbage-first heap   total reserved 2066432K, committed 95232K, used 84108K [0x0000000081e00000, 0x0000000100000000)
  region size 1024K, 54 young (55296K), 0 survivors (0K)
 Metaspace       used 73058K, committed 74432K, reserved 1114112K
  class space    used 10449K, committed 11008K, reserved 1048576K
}
Event: 497.653 GC heap after
{Heap after GC invocations=36 (full 2):
 garbage-first heap   total reserved 2066432K, committed 95232K, used 34638K [0x0000000081e00000, 0x0000000100000000)
  region size 1024K, 5 young (5120K), 5 survivors (5120K)
 Metaspace       used 73058K, committed 74432K, reserved 1114112K
  class space    used 10449K, committed 11008K, reserved 1048576K
}
Event: 498.064 GC heap before
{Heap before GC invocations=36 (full 2):
 garbage-first heap   total reserved 2066432K, committed 95232K, used 81742K [0x0000000081e00000, 0x0000000100000000)
  region size 1024K, 51 young (52224K), 5 survivors (5120K)
 Metaspace       used 73125K, committed 74432K, reserved 1114112K
  class space    used 10457K, committed 11008K, reserved 1048576K
}
Event: 498.069 GC heap after
{Heap after GC invocations=37 (full 2):
 garbage-first heap   total reserved 2066432K, committed 95232K, used 36633K [0x0000000081e00000, 0x0000000100000000)
  region size 1024K, 3 young (3072K), 3 survivors (3072K)
 Metaspace       used 73125K, committed 74432K, reserved 1114112K
  class space    used 10457K, committed 11008K, reserved 1048576K
}
Event: 498.402 GC heap before
{Heap before GC invocations=37 (full 2):
 garbage-first heap   total reserved 2066432K, committed 95232K, used 82713K [0x0000000081e00000, 0x0000000100000000)
  region size 1024K, 48 young (49152K), 3 survivors (3072K)
 Metaspace       used 73201K, committed 74432K, reserved 1114112K
  class space    used 10461K, committed 11008K, reserved 1048576K
}
Event: 498.406 GC heap after
{Heap after GC invocations=38 (full 2):
 garbage-first heap   total reserved 2066432K, committed 114688K, used 38235K [0x0000000081e00000, 0x0000000100000000)
  region size 1024K, 5 young (5120K), 5 survivors (5120K)
 Metaspace       used 73201K, committed 74432K, reserved 1114112K
  class space    used 10461K, committed 11008K, reserved 1048576K
}
Event: 505.973 GC heap before
{Heap before GC invocations=38 (full 2):
 garbage-first heap   total reserved 2066432K, committed 114688K, used 47451K [0x0000000081e00000, 0x0000000100000000)
  region size 1024K, 15 young (15360K), 5 survivors (5120K)
 Metaspace       used 73206K, committed 74432K, reserved 1114112K
  class space    used 10461K, committed 11008K, reserved 1048576K
}
Event: 506.012 GC heap after
{Heap after GC invocations=39 (full 3):
 garbage-first heap   total reserved 2066432K, committed 106496K, used 29431K [0x0000000081e00000, 0x0000000100000000)
  region size 1024K, 0 young (0K), 0 survivors (0K)
 Metaspace       used 73201K, committed 74432K, reserved 1114112K
  class space    used 10460K, committed 11008K, reserved 1048576K
}
Event: 506.627 GC heap before
{Heap before GC invocations=39 (full 3):
 garbage-first heap   total reserved 2066432K, committed 106496K, used 91895K [0x0000000081e00000, 0x0000000100000000)
  region size 1024K, 62 young (63488K), 0 survivors (0K)
 Metaspace       used 73214K, committed 74432K, reserved 1114112K
  class space    used 10463K, committed 11008K, reserved 1048576K
}
Event: 506.631 GC heap after
{Heap after GC invocations=40 (full 3):
 garbage-first heap   total reserved 2066432K, committed 106496K, used 34005K [0x0000000081e00000, 0x0000000100000000)
  region size 1024K, 5 young (5120K), 5 survivors (5120K)
 Metaspace       used 73214K, committed 74432K, reserved 1114112K
  class space    used 10463K, committed 11008K, reserved 1048576K
}
Event: 507.211 GC heap before
{Heap before GC invocations=40 (full 3):
 garbage-first heap   total reserved 2066432K, committed 106496K, used 92373K [0x0000000081e00000, 0x0000000100000000)
  region size 1024K, 62 young (63488K), 5 survivors (5120K)
 Metaspace       used 73282K, committed 74432K, reserved 1114112K
  class space    used 10471K, committed 11008K, reserved 1048576K
}
Event: 507.216 GC heap after
{Heap after GC invocations=41 (full 3):
 garbage-first heap   total reserved 2066432K, committed 106496K, used 36893K [0x0000000081e00000, 0x0000000100000000)
  region size 1024K, 4 young (4096K), 4 survivors (4096K)
 Metaspace       used 73282K, committed 74432K, reserved 1114112K
  class space    used 10471K, committed 11008K, reserved 1048576K
}
Event: 1094.314 GC heap before
{Heap before GC invocations=41 (full 3):
 garbage-first heap   total reserved 2066432K, committed 106496K, used 85021K [0x0000000081e00000, 0x0000000100000000)
  region size 1024K, 52 young (53248K), 4 survivors (4096K)
 Metaspace       used 73380K, committed 74496K, reserved 1114112K
  class space    used 10479K, committed 11008K, reserved 1048576K
}
Event: 1094.352 GC heap after
{Heap after GC invocations=42 (full 4):
 garbage-first heap   total reserved 2066432K, committed 106496K, used 33023K [0x0000000081e00000, 0x0000000100000000)
  region size 1024K, 0 young (0K), 0 survivors (0K)
 Metaspace       used 73380K, committed 74496K, reserved 1114112K
  class space    used 10479K, committed 11008K, reserved 1048576K
}
Event: 1094.907 GC heap before
{Heap before GC invocations=42 (full 4):
 garbage-first heap   total reserved 2066432K, committed 106496K, used 93439K [0x0000000081e00000, 0x0000000100000000)
  region size 1024K, 59 young (60416K), 0 survivors (0K)
 Metaspace       used 73393K, committed 74496K, reserved 1114112K
  class space    used 10483K, committed 11008K, reserved 1048576K
}
Event: 1094.911 GC heap after
{Heap after GC invocations=43 (full 4):
 garbage-first heap   total reserved 2066432K, committed 106496K, used 37433K [0x0000000081e00000, 0x0000000100000000)
  region size 1024K, 5 young (5120K), 5 survivors (5120K)
 Metaspace       used 73393K, committed 74496K, reserved 1114112K
  class space    used 10483K, committed 11008K, reserved 1048576K
}

